[ 2016-07-25T18:42:50+08:00 ] 118.123.16.14 /
SQL: SHOW COLUMNS FROM `me_category` [ RunTime:0.003502s ]
SQL: SELECT `id`,`name`,`title`,`pid`,`sort`,`list_row`,`meta_title`,`keywords`,`description`,`template_index`,`template_lists`,`template_detail`,`template_edit`,`model`,`type`,`link_id`,`allow_publish`,`display`,`reply`,`check`,`reply_model`,`extend`,`create_time`,`update_time`,`status`,`icon` FROM `me_category` WHERE ( `status` = 1 ) ORDER BY sort  [ RunTime:0.000687s ]
SQL: SHOW COLUMNS FROM `me_document` [ RunTime:0.003024s ]
SQL: SELECT `id`,`uid`,`name`,`title`,`category_id`,`description`,`root`,`pid`,`model_id`,`type`,`position`,`link_id`,`cover_id`,`display`,`deadline`,`attach`,`view`,`comment`,`extend`,`level`,`create_time`,`update_time`,`status` FROM `me_document` WHERE ( `status` = 1 ) AND ( `pid` = 0 ) AND ( `create_time` < 1469443370 ) AND ( deadline = 0 OR deadline > 1469443370 ) ORDER BY `id` DESC  [ RunTime:0.000593s ]
INFO: [ view_parse ] --START--
INFO: [ template_filter ] --START--
INFO: Run Behavior\ContentReplace [ RunTime:0.000240s ]
INFO: [ template_filter ] --END-- [ RunTime:0.000398s ]
SQL: SHOW COLUMNS FROM `me_channel` [ RunTime:0.003059s ]
SQL: SELECT `id`,`pid`,`title`,`url`,`sort`,`create_time`,`update_time`,`status`,`target` FROM `me_channel` WHERE ( status=1 ) ORDER BY sort  [ RunTime:0.000694s ]
SQL: SELECT `id`,`name`,`title`,`pid`,`sort`,`list_row`,`meta_title`,`keywords`,`description`,`template_index`,`template_lists`,`template_detail`,`template_edit`,`model`,`type`,`link_id`,`allow_publish`,`display`,`reply`,`check`,`reply_model`,`extend`,`create_time`,`update_time`,`status`,`icon` FROM `me_category` WHERE ( `id` = 1 ) LIMIT 1   [ RunTime:0.000601s ]
SQL: SELECT `id`,`name`,`pid`,`title`,`link_id` FROM `me_category` WHERE ( `status` = 1 ) ORDER BY sort  [ RunTime:0.000548s ]
INFO: [ view_parse ] --START--
INFO: [ template_filter ] --START--
INFO: Run Behavior\ContentReplace [ RunTime:0.000102s ]
INFO: [ template_filter ] --END-- [ RunTime:-0.019216s ]
INFO: Run Behavior\ParseTemplate [ RunTime:0.008188s ]
INFO: [ view_parse ] --END-- [ RunTime:0.008377s ]
INFO: [ view_filter ] --START--
INFO: Run Behavior\WriteHtmlCache [ RunTime:0.000661s ]
INFO: [ view_filter ] --END-- [ RunTime:0.000888s ]
SQL: SELECT `id`,`name`,`title`,`pid`,`sort`,`list_row`,`meta_title`,`keywords`,`description`,`template_index`,`template_lists`,`template_detail`,`template_edit`,`model`,`type`,`link_id`,`allow_publish`,`display`,`reply`,`check`,`reply_model`,`extend`,`create_time`,`update_time`,`status`,`icon` FROM `me_category` WHERE ( `id` = 1 ) LIMIT 1   [ RunTime:0.000559s ]
SQL: SELECT `id`,`name`,`pid`,`title`,`link_id` FROM `me_category` WHERE ( `status` = 1 ) ORDER BY sort  [ RunTime:0.000557s ]
SQL: SELECT `id`,`uid`,`name`,`title`,`category_id`,`description`,`root`,`pid`,`model_id`,`type`,`position`,`link_id`,`cover_id`,`display`,`deadline`,`attach`,`view`,`comment`,`extend`,`level`,`create_time`,`update_time`,`status` FROM `me_document` WHERE ( `status` = 1 ) AND ( `pid` = 0 ) AND ( `category_id` = 2 ) AND ( `create_time` < 1469443370 ) AND ( deadline = 0 OR deadline > 1469443370 ) ORDER BY `level` DESC,`id` DESC LIMIT 0,10   [ RunTime:0.000568s ]
NOTIC: [2] mysqli::mysqli(): (HY000/1045): Access denied for user 'root'@'127.0.0.1' (using password: YES) D:\wwwroot\kk538\wwwroot\ThinkPHP\Library\Think\Db\Driver\Mysqli.class.php 第 44 行.
ERR: Access denied for user 'root'@'127.0.0.1' (using password: YES)

